<?xml version="1.0" encoding="UTF-8"?>
<!-- Generated by org.testng.reporters.JUnitReportReporter -->
<testsuite hostname="Ravi" failures="0" tests="2" name="awesomecucumber.runners.MyTestNGRunnerTest" time="11.373" errors="0" timestamp="2022-08-13T15:26:43 IST" skipped="0">
  <testcase classname="awesomecucumber.runners.MyTestNGRunnerTest" name="runScenario" time="5.705"/>
  <system-out/>
  <testcase classname="awesomecucumber.runners.MyTestNGRunnerTest" name="runScenario" time="5.668"/>
  <system-out/>
</testsuite> <!-- awesomecucumber.runners.MyTestNGRunnerTest -->
